<?xml version="1.0" encoding="utf-8"?><testsuites><testsuite name="pytest" errors="0" failures="0" skipped="0" tests="22" time="0.241" timestamp="2026-03-27T14:38:19.994090+05:30" hostname="susheel-pc"><testcase classname="test.test_geometry_utils" name="test_distance_basic" time="0.001" /><testcase classname="test.test_geometry_utils" name="test_normalize_angle_range" time="0.000" /><testcase classname="test.test_geometry_utils" name="test_path_length_polyline" time="0.000" /><testcase classname="test.test_obstacle_avoidance" name="test_scan_to_world_points_projects_points" time="0.039" /><testcase classname="test.test_obstacle_avoidance" name="test_nearest_obstacle_distance" time="0.001" /><testcase classname="test.test_obstacle_avoidance" name="test_path_collides_true_when_inside_clearance" time="0.000" /><testcase classname="test.test_obstacle_avoidance" name="test_find_blocked_index_returns_expected_index" time="0.000" /><testcase classname="test.test_path_smoothing" name="test_smooth_path_with_two_points_produces_dense_path" time="0.001" /><testcase classname="test.test_path_smoothing" name="test_smooth_path_short_input_returns_input" time="0.000" /><testcase classname="test.test_path_smoothing" name="test_smooth_path_samples_per_segment_lower_bound" time="0.000" /><testcase classname="test.test_trajectory_generation" name="test_resample_uniform_distance_line" time="0.000" /><testcase classname="test.test_trajectory_generation" name="test_assign_time_constant_speed_monotonic" time="0.000" /><testcase classname="test.test_trajectory_generation" name="test_assign_time_trapezoidal_monotonic" time="0.000" /><testcase classname="test.test_trajectory_generation" name="test_generate_time_parameterized_trajectory_returns_xyz_tuples" time="0.000" /><testcase classname="test.test_trajectory_generation" name="test_generate_trajectory_invalid_profile_raises" time="0.001" /><testcase classname="test.test_trajectory_generation" name="test_resample_non_positive_distance_raises" time="0.001" /><testcase classname="test.test_trajectory_tracking" name="test_sample_reference_empty_trajectory_raises" time="0.001" /><testcase classname="test.test_trajectory_tracking" name="test_sample_reference_returns_zero_speed_after_end" time="0.001" /><testcase classname="test.test_trajectory_tracking" name="test_compute_tracking_control_respects_limits_and_no_reverse" time="0.001" /><testcase classname="test.test_waypoint_utils" name="test_parse_flat_waypoints_valid_input" time="0.001" /><testcase classname="test.test_waypoint_utils" name="test_parse_flat_waypoints_odd_count_raises" time="0.001" /><testcase classname="test.test_waypoint_utils" name="test_parse_flat_waypoints_too_few_raises" time="0.001" /></testsuite></testsuites>