============================= test session starts ==============================
platform linux -- Python 3.10.12, pytest-8.3.5, pluggy-1.5.0
rootdir: /home/susheel/Robotics_Assisgnment_Muks_Robotics/src/muks_robotics_assignment
configfile: pytest.ini
plugins: ament-pep257-0.12.14, ament-xmllint-0.12.14, launch-testing-1.0.13, ament-lint-0.12.14, ament-copyright-0.12.14, launch-testing-ros-0.19.13, ament-flake8-0.12.14, mock-3.15.1, typeguard-4.4.4, mypy-0.10.3, asyncio-1.3.0, flake8-1.3.0, anyio-4.5.0, cov-3.0.0, colcon-core-0.20.1
asyncio: mode=strict, debug=False, asyncio_default_fixture_loop_scope=function, asyncio_default_test_loop_scope=function
collected 22 items

test/test_geometry_utils.py ...                                          [ 13%]
test/test_obstacle_avoidance.py ....                                     [ 31%]
test/test_path_smoothing.py ...                                          [ 45%]
test/test_trajectory_generation.py ......                                [ 72%]
test/test_trajectory_tracking.py ...                                     [ 86%]
test/test_waypoint_utils.py ...                                          [100%]

- generated xml file: /home/susheel/Robotics_Assisgnment_Muks_Robotics/src/muks_robotics_assignment/test_reports/pytest_junit.xml -
============================== 22 passed in 0.24s ==============================
